<?xml version="1.0" encoding="UTF-8"?>
<testsuite xmlns:xsi="http://www.w3.org/2001/XMLSchema-instance" xsi:noNamespaceSchemaLocation="https://maven.apache.org/surefire/maven-surefire-plugin/xsd/surefire-test-report.xsd" version="3.0.1" name="runner.TestRunner" time="83.366" tests="14" errors="0" skipped="0" failures="1">
  <properties>
[...]
</properties>
  <testcase name="Login with valid credentials #1" classname="Login functionality" time="6.18">
    <system-out><![CDATA[
Scenario Outline: Login with valid credentials                                   &amp#27;[90m# src/test/resources/features/Login2.feature:11&amp#27;[0m
  &amp#27;[32mGiven &amp#27;[0m&amp#27;[32mUser navigates to Login page&amp#27;[0m                                             &amp#27;[90m# stepdefinations.Login2.user_navigates_to_login_page()&amp#27;[0m
  &amp#27;[32mWhen &amp#27;[0m&amp#27;[32mUser enters valid email address &amp#27;[0m&amp#27;[32m&amp#27;[1mMax.Mustermann@gmail.com&amp#27;[0m&amp#27;[32m into email field&amp#27;[0m &amp#27;[90m# stepdefinations.Login2.user_enters_valid_email_address_into_email_field(java.lang.String)&amp#27;[0m
  &amp#27;[32mAnd &amp#27;[0m&amp#27;[32mUser enters valid password &amp#27;[0m&amp#27;[32m&amp#27;[1mmax12345&amp#27;[0m&amp#27;[32m into password field&amp#27;[0m                    &amp#27;[90m# stepdefinations.Login2.user_enters_valid_password_into_password_field(java.lang.String)&amp#27;[0m
  &amp#27;[32mAnd &amp#27;[0m&amp#27;[32mUser clicks on Login button&amp#27;[0m                                                &amp#27;[90m# stepdefinations.Login2.user_clicks_on_login_button()&amp#27;[0m
  &amp#27;[32mThen &amp#27;[0m&amp#27;[32mUser should get successfully logged in&amp#27;[0m                                    &amp#27;[90m# stepdefinations.Login2.user_should_get_successfully_logged_in()&amp#27;[0m
]]></system-out>
  </testcase>
  <testcase name="Login with valid credentials #2" classname="Login functionality" time="5.386">
    <system-out><![CDATA[
Scenario Outline: Login with valid credentials                                &amp#27;[90m# src/test/resources/features/Login2.feature:12&amp#27;[0m
  &amp#27;[32mGiven &amp#27;[0m&amp#27;[32mUser navigates to Login page&amp#27;[0m                                          &amp#27;[90m# stepdefinations.Login2.user_navigates_to_login_page()&amp#27;[0m
  &amp#27;[32mWhen &amp#27;[0m&amp#27;[32mUser enters valid email address &amp#27;[0m&amp#27;[32m&amp#27;[1mmotooriarun@gmail.com&amp#27;[0m&amp#27;[32m into email field&amp#27;[0m &amp#27;[90m# stepdefinations.Login2.user_enters_valid_email_address_into_email_field(java.lang.String)&amp#27;[0m
  &amp#27;[32mAnd &amp#27;[0m&amp#27;[32mUser enters valid password &amp#27;[0m&amp#27;[32m&amp#27;[1marun12345&amp#27;[0m&amp#27;[32m into password field&amp#27;[0m                &amp#27;[90m# stepdefinations.Login2.user_enters_valid_password_into_password_field(java.lang.String)&amp#27;[0m
  &amp#27;[32mAnd &amp#27;[0m&amp#27;[32mUser clicks on Login button&amp#27;[0m                                             &amp#27;[90m# stepdefinations.Login2.user_clicks_on_login_button()&amp#27;[0m
  &amp#27;[32mThen &amp#27;[0m&amp#27;[32mUser should get successfully logged in&amp#27;[0m                                 &amp#27;[90m# stepdefinations.Login2.user_should_get_successfully_logged_in()&amp#27;[0m
]]></system-out>
  </testcase>
  <testcase name="Login with valid credentials #3" classname="Login functionality" time="5.304">
    <system-out><![CDATA[
Scenario Outline: Login with valid credentials                                  &amp#27;[90m# src/test/resources/features/Login2.feature:13&amp#27;[0m
  &amp#27;[32mGiven &amp#27;[0m&amp#27;[32mUser navigates to Login page&amp#27;[0m                                            &amp#27;[90m# stepdefinations.Login2.user_navigates_to_login_page()&amp#27;[0m
  &amp#27;[32mWhen &amp#27;[0m&amp#27;[32mUser enters valid email address &amp#27;[0m&amp#27;[32m&amp#27;[1mAnna.Karanina@gmail.com&amp#27;[0m&amp#27;[32m into email field&amp#27;[0m &amp#27;[90m# stepdefinations.Login2.user_enters_valid_email_address_into_email_field(java.lang.String)&amp#27;[0m
  &amp#27;[32mAnd &amp#27;[0m&amp#27;[32mUser enters valid password &amp#27;[0m&amp#27;[32m&amp#27;[1manna12345&amp#27;[0m&amp#27;[32m into password field&amp#27;[0m                  &amp#27;[90m# stepdefinations.Login2.user_enters_valid_password_into_password_field(java.lang.String)&amp#27;[0m
  &amp#27;[32mAnd &amp#27;[0m&amp#27;[32mUser clicks on Login button&amp#27;[0m                                               &amp#27;[90m# stepdefinations.Login2.user_clicks_on_login_button()&amp#27;[0m
  &amp#27;[32mThen &amp#27;[0m&amp#27;[32mUser should get successfully logged in&amp#27;[0m                                   &amp#27;[90m# stepdefinations.Login2.user_should_get_successfully_logged_in()&amp#27;[0m
]]></system-out>
  </testcase>
  <testcase name="Login with invalid credentials" classname="Login functionality" time="5.615">
    <system-out><![CDATA[
Scenario: Login with invalid credentials                                   &amp#27;[90m# src/test/resources/features/Login2.feature:15&amp#27;[0m
  &amp#27;[32mGiven &amp#27;[0m&amp#27;[32mUser navigates to Login page&amp#27;[0m                                       &amp#27;[90m# stepdefinations.Login2.user_navigates_to_login_page()&amp#27;[0m
  &amp#27;[32mWhen &amp#27;[0m&amp#27;[32mUser enters invalid email address into email field&amp#27;[0m                  &amp#27;[90m# stepdefinations.Login2.user_enters_invalid_email_address_into_email_field()&amp#27;[0m
  &amp#27;[32mAnd &amp#27;[0m&amp#27;[32mUser enters invalid password &amp#27;[0m&amp#27;[32m&amp#27;[1m"123456"&amp#27;[0m&amp#27;[32m into password field&amp#27;[0m            &amp#27;[90m# stepdefinations.Login2.user_enters_invalid_password_into_password_field(java.lang.String)&amp#27;[0m
  &amp#27;[32mAnd &amp#27;[0m&amp#27;[32mUser clicks on Login button&amp#27;[0m                                          &amp#27;[90m# stepdefinations.Login2.user_clicks_on_login_button()&amp#27;[0m
  &amp#27;[32mThen &amp#27;[0m&amp#27;[32mUser should get a proper warning message about credentials mismatch&amp#27;[0m &amp#27;[90m# stepdefinations.Login2.user_should_get_a_proper_warning_message_about_credentials_mismatch()&amp#27;[0m
]]></system-out>
  </testcase>
  <testcase name="Login with valid email and invalid password" classname="Login functionality" time="4.696">
    <failure type="java.lang.AssertionError"><![CDATA[java.lang.AssertionError
	at org.junit.Assert.fail(Assert.java:87)
	at org.junit.Assert.assertTrue(Assert.java:42)
	at org.junit.Assert.assertTrue(Assert.java:53)
	at stepdefinations.Login2.user_should_get_a_proper_warning_message_about_credentials_mismatch(Login2.java:72)
	at ✽.User should get a proper warning message about credentials mismatch(file:///C:/Users/rosink/eclipse-workspace-ninja-cucumber/CucumberTutorialsNinjaProject/src/test/resources/features/Login2.feature:27)
]]></failure>
    <system-out><![CDATA[
Scenario: Login with valid email and invalid password                             &amp#27;[90m# src/test/resources/features/Login2.feature:22&amp#27;[0m
  &amp#27;[32mGiven &amp#27;[0m&amp#27;[32mUser navigates to Login page&amp#27;[0m                                              &amp#27;[90m# stepdefinations.Login2.user_navigates_to_login_page()&amp#27;[0m
  &amp#27;[32mWhen &amp#27;[0m&amp#27;[32mUser enters valid email address &amp#27;[0m&amp#27;[32m&amp#27;[1m"hans.huckbein@gmail.com"&amp#27;[0m&amp#27;[32m into email field&amp#27;[0m &amp#27;[90m# stepdefinations.Login2.user_enters_valid_email_address_into_email_field(java.lang.String)&amp#27;[0m
  &amp#27;[32mAnd &amp#27;[0m&amp#27;[32mUser enters invalid password &amp#27;[0m&amp#27;[32m&amp#27;[1m"123456"&amp#27;[0m&amp#27;[32m into password field&amp#27;[0m                   &amp#27;[90m# stepdefinations.Login2.user_enters_invalid_password_into_password_field(java.lang.String)&amp#27;[0m
  &amp#27;[32mAnd &amp#27;[0m&amp#27;[32mUser clicks on Login button&amp#27;[0m                                                 &amp#27;[90m# stepdefinations.Login2.user_clicks_on_login_button()&amp#27;[0m
  &amp#27;[31mThen &amp#27;[0m&amp#27;[31mUser should get a proper warning message about credentials mismatch&amp#27;[0m        &amp#27;[90m# stepdefinations.Login2.user_should_get_a_proper_warning_message_about_credentials_mismatch()&amp#27;[0m
      &amp#27;[31mjava.lang.AssertionError
	at org.junit.Assert.fail(Assert.java:87)
	at org.junit.Assert.assertTrue(Assert.java:42)
	at org.junit.Assert.assertTrue(Assert.java:53)
	at stepdefinations.Login2.user_should_get_a_proper_warning_message_about_credentials_mismatch(Login2.java:72)
	at ✽.User should get a proper warning message about credentials mismatch(file:///C:/Users/rosink/eclipse-workspace-ninja-cucumber/CucumberTutorialsNinjaProject/src/test/resources/features/Login2.feature:27)
&amp#27;[0m

    Embedding Login_with_valid_email_and_invalid_password [image/png 105350 bytes]

]]></system-out>
  </testcase>
  <testcase name="Login with invalid email and valid password" classname="Login functionality" time="4.745">
    <system-out><![CDATA[
Scenario: Login with invalid email and valid password                      &amp#27;[90m# src/test/resources/features/Login2.feature:29&amp#27;[0m
  &amp#27;[32mGiven &amp#27;[0m&amp#27;[32mUser navigates to Login page&amp#27;[0m                                       &amp#27;[90m# stepdefinations.Login2.user_navigates_to_login_page()&amp#27;[0m
  &amp#27;[32mWhen &amp#27;[0m&amp#27;[32mUser enters invalid email address into email field&amp#27;[0m                  &amp#27;[90m# stepdefinations.Login2.user_enters_invalid_email_address_into_email_field()&amp#27;[0m
  &amp#27;[32mAnd &amp#27;[0m&amp#27;[32mUser enters valid password &amp#27;[0m&amp#27;[32m&amp#27;[1m"12345"&amp#27;[0m&amp#27;[32m into password field&amp#27;[0m               &amp#27;[90m# stepdefinations.Login2.user_enters_valid_password_into_password_field(java.lang.String)&amp#27;[0m
  &amp#27;[32mAnd &amp#27;[0m&amp#27;[32mUser clicks on Login button&amp#27;[0m                                          &amp#27;[90m# stepdefinations.Login2.user_clicks_on_login_button()&amp#27;[0m
  &amp#27;[32mThen &amp#27;[0m&amp#27;[32mUser should get a proper warning message about credentials mismatch&amp#27;[0m &amp#27;[90m# stepdefinations.Login2.user_should_get_a_proper_warning_message_about_credentials_mismatch()&amp#27;[0m
]]></system-out>
  </testcase>
  <testcase name="Login without providing credentials" classname="Login functionality" time="8.094">
    <system-out><![CDATA[
Scenario: Login without providing credentials                              &amp#27;[90m# src/test/resources/features/Login2.feature:36&amp#27;[0m
  &amp#27;[32mGiven &amp#27;[0m&amp#27;[32mUser navigates to Login page&amp#27;[0m                                       &amp#27;[90m# stepdefinations.Login2.user_navigates_to_login_page()&amp#27;[0m
  &amp#27;[32mWhen &amp#27;[0m&amp#27;[32mUser dont enter email address into email field&amp#27;[0m                      &amp#27;[90m# stepdefinations.Login2.user_dont_enter_email_address_into_email_field()&amp#27;[0m
  &amp#27;[32mAnd &amp#27;[0m&amp#27;[32mUser dont enter password into password field&amp#27;[0m                         &amp#27;[90m# stepdefinations.Login2.user_dont_enter_password_into_password_field()&amp#27;[0m
  &amp#27;[32mAnd &amp#27;[0m&amp#27;[32mUser clicks on Login button&amp#27;[0m                                          &amp#27;[90m# stepdefinations.Login2.user_clicks_on_login_button()&amp#27;[0m
  &amp#27;[32mThen &amp#27;[0m&amp#27;[32mUser should get a proper warning message about credentials mismatch&amp#27;[0m &amp#27;[90m# stepdefinations.Login2.user_should_get_a_proper_warning_message_about_credentials_mismatch()&amp#27;[0m
]]></system-out>
  </testcase>
  <testcase name="User creates an account only with mandatory fields" classname="Registration functionality" time="7.138">
    <system-out><![CDATA[
Scenario: User creates an account only with mandatory fields &amp#27;[90m# src/test/resources/features/Register2.feature:3&amp#27;[0m
  &amp#27;[32mGiven &amp#27;[0m&amp#27;[32mUser navigates to Register Account page&amp#27;[0m              &amp#27;[90m# stepdefinations.Register2.user_navigates_to_register_account_page()&amp#27;[0m
  &amp#27;[32mWhen &amp#27;[0m&amp#27;[32mUser enters the details into below fields&amp#27;[0m             &amp#27;[90m# stepdefinations.Register2.user_enters_the_details_into_below_fields(io.cucumber.datatable.DataTable)&amp#27;[0m
    | firstName | Emma        |
    | lastName  | Emily       |
    | telephone | 12345567890 |
    | password  | 12345       |
  &amp#27;[32mAnd &amp#27;[0m&amp#27;[32mUser selects Privacy Policy&amp#27;[0m                            &amp#27;[90m# stepdefinations.Register2.user_selects_privacy_policy()&amp#27;[0m
  &amp#27;[32mAnd &amp#27;[0m&amp#27;[32mUser clicks on Continue button&amp#27;[0m                         &amp#27;[90m# stepdefinations.Register2.user_clicks_on_continue_button()&amp#27;[0m
  &amp#27;[32mThen &amp#27;[0m&amp#27;[32mUser account should get created successfully&amp#27;[0m          &amp#27;[90m# stepdefinations.Register2.user_account_should_get_created_successfully()&amp#27;[0m
]]></system-out>
  </testcase>
  <testcase name="User creates an account with all fields" classname="Registration functionality" time="6.915">
    <system-out><![CDATA[
Scenario: User creates an account with all fields   &amp#27;[90m# src/test/resources/features/Register2.feature:14&amp#27;[0m
  &amp#27;[32mGiven &amp#27;[0m&amp#27;[32mUser navigates to Register Account page&amp#27;[0m     &amp#27;[90m# stepdefinations.Register2.user_navigates_to_register_account_page()&amp#27;[0m
  &amp#27;[32mWhen &amp#27;[0m&amp#27;[32mUser enters the details into below fields&amp#27;[0m    &amp#27;[90m# stepdefinations.Register2.user_enters_the_details_into_below_fields(io.cucumber.datatable.DataTable)&amp#27;[0m
    | firstName | Emma        |
    | lastName  | Emily       |
    | telephone | 12345567890 |
    | password  | 12345       |
  &amp#27;[32mAnd &amp#27;[0m&amp#27;[32mUser selects Yes for Newsletter&amp#27;[0m               &amp#27;[90m# stepdefinations.Register2.user_selects_yes_for_newsletter()&amp#27;[0m
  &amp#27;[32mAnd &amp#27;[0m&amp#27;[32mUser selects Privacy Policy&amp#27;[0m                   &amp#27;[90m# stepdefinations.Register2.user_selects_privacy_policy()&amp#27;[0m
  &amp#27;[32mAnd &amp#27;[0m&amp#27;[32mUser clicks on Continue button&amp#27;[0m                &amp#27;[90m# stepdefinations.Register2.user_clicks_on_continue_button()&amp#27;[0m
  &amp#27;[32mThen &amp#27;[0m&amp#27;[32mUser account should get created successfully&amp#27;[0m &amp#27;[90m# stepdefinations.Register2.user_account_should_get_created_successfully()&amp#27;[0m
]]></system-out>
  </testcase>
  <testcase name="User creates a duplicate account" classname="Registration functionality" time="7.802">
    <system-out><![CDATA[
Scenario: User creates a duplicate account                              &amp#27;[90m# src/test/resources/features/Register2.feature:26&amp#27;[0m
  &amp#27;[32mGiven &amp#27;[0m&amp#27;[32mUser navigates to Register Account page&amp#27;[0m                         &amp#27;[90m# stepdefinations.Register2.user_navigates_to_register_account_page()&amp#27;[0m
  &amp#27;[32mWhen &amp#27;[0m&amp#27;[32mUser enters the details into below fields with a duplicate email&amp#27;[0m &amp#27;[90m# stepdefinations.Register2.user_enters_the_details_into_below_fields_with_a_duplicate_email(io.cucumber.datatable.DataTable)&amp#27;[0m
    | firstName | Emma                    |
    | lastName  | Emily                   |
    | email     | hans.huckbein@gmail.com |
    | telephone | 12345567890             |
    | password  | 12345                   |
  &amp#27;[32mAnd &amp#27;[0m&amp#27;[32mUser selects Privacy Policy&amp#27;[0m                                       &amp#27;[90m# stepdefinations.Register2.user_selects_privacy_policy()&amp#27;[0m
  &amp#27;[32mAnd &amp#27;[0m&amp#27;[32mUser clicks on Continue button&amp#27;[0m                                    &amp#27;[90m# stepdefinations.Register2.user_clicks_on_continue_button()&amp#27;[0m
  &amp#27;[32mThen &amp#27;[0m&amp#27;[32mUser should get a proper warning message about duplicate email&amp#27;[0m   &amp#27;[90m# stepdefinations.Register2.user_should_get_a_proper_warning_message_about_duplicate_email()&amp#27;[0m
]]></system-out>
  </testcase>
  <testcase name="User creates an account without filling any details" classname="Registration functionality" time="6.343">
    <system-out><![CDATA[
Scenario: User creates an account without filling any details              &amp#27;[90m# src/test/resources/features/Register2.feature:38&amp#27;[0m
  &amp#27;[32mGiven &amp#27;[0m&amp#27;[32mUser navigates to Register Account page&amp#27;[0m                            &amp#27;[90m# stepdefinations.Register2.user_navigates_to_register_account_page()&amp#27;[0m
  &amp#27;[32mWhen &amp#27;[0m&amp#27;[32mUser dont enter any details into fields&amp#27;[0m                             &amp#27;[90m# stepdefinations.Register2.user_dont_enter_any_details_into_fields()&amp#27;[0m
  &amp#27;[32mAnd &amp#27;[0m&amp#27;[32mUser clicks on Continue button&amp#27;[0m                                       &amp#27;[90m# stepdefinations.Register2.user_clicks_on_continue_button()&amp#27;[0m
  &amp#27;[32mThen &amp#27;[0m&amp#27;[32mUser should get a proper warning messages for every mandatory field&amp#27;[0m &amp#27;[90m# stepdefinations.Register2.user_should_get_a_proper_warning_messages_for_every_mandatory_field()&amp#27;[0m
]]></system-out>
  </testcase>
  <testcase name="User searches for a valid product" classname="Search functionality" time="6.255">
    <system-out><![CDATA[
Scenario: User searches for a valid product                      &amp#27;[90m# src/test/resources/features/Search2.feature:3&amp#27;[0m
  &amp#27;[32mGiven &amp#27;[0m&amp#27;[32mUser opens the Application&amp#27;[0m                               &amp#27;[90m# stepdefinations.Search2.user_opens_the_application()&amp#27;[0m
  &amp#27;[32mWhen &amp#27;[0m&amp#27;[32mUser enters valid product &amp#27;[0m&amp#27;[32m&amp#27;[1m"HP"&amp#27;[0m&amp#27;[32m into Search box field&amp#27;[0m      &amp#27;[90m# stepdefinations.Search2.user_enters_valid_product_into_search_box_field(java.lang.String)&amp#27;[0m
  &amp#27;[32mAnd &amp#27;[0m&amp#27;[32mUser clicks on Search button&amp#27;[0m                               &amp#27;[90m# stepdefinations.Search2.user_clicks_on_search_button()&amp#27;[0m
  &amp#27;[32mThen &amp#27;[0m&amp#27;[32mUser should get valid product displayed in search results&amp#27;[0m &amp#27;[90m# stepdefinations.Search2.user_should_get_valid_product_displayed_in_search_results()&amp#27;[0m
]]></system-out>
  </testcase>
  <testcase name="User searches for a invalid product" classname="Search functionality" time="3.907">
    <system-out><![CDATA[
Scenario: User searches for a invalid product                    &amp#27;[90m# src/test/resources/features/Search2.feature:9&amp#27;[0m
  &amp#27;[32mGiven &amp#27;[0m&amp#27;[32mUser opens the Application&amp#27;[0m                               &amp#27;[90m# stepdefinations.Search2.user_opens_the_application()&amp#27;[0m
  &amp#27;[32mWhen &amp#27;[0m&amp#27;[32mUser enters invalid product &amp#27;[0m&amp#27;[32m&amp#27;[1m"Honda"&amp#27;[0m&amp#27;[32m into Search box field&amp#27;[0m &amp#27;[90m# stepdefinations.Search2.user_enters_invalid_product_into_search_box_field(java.lang.String)&amp#27;[0m
  &amp#27;[32mAnd &amp#27;[0m&amp#27;[32mUser clicks on Search button&amp#27;[0m                               &amp#27;[90m# stepdefinations.Search2.user_clicks_on_search_button()&amp#27;[0m
  &amp#27;[32mThen &amp#27;[0m&amp#27;[32mUser should get a message about no product matching&amp#27;[0m       &amp#27;[90m# stepdefinations.Search2.user_should_get_a_message_about_no_product_matching()&amp#27;[0m
]]></system-out>
  </testcase>
  <testcase name="User searches without any product" classname="Search functionality" time="4.54">
    <system-out><![CDATA[
Scenario: User searches without any product                   &amp#27;[90m# src/test/resources/features/Search2.feature:15&amp#27;[0m
  &amp#27;[32mGiven &amp#27;[0m&amp#27;[32mUser opens the Application&amp#27;[0m                            &amp#27;[90m# stepdefinations.Search2.user_opens_the_application()&amp#27;[0m
  &amp#27;[32mWhen &amp#27;[0m&amp#27;[32mUser dont enter any product name into Search box field&amp#27;[0m &amp#27;[90m# stepdefinations.Search2.user_dont_enter_any_product_name_into_search_box_field()&amp#27;[0m
  &amp#27;[32mAnd &amp#27;[0m&amp#27;[32mUser clicks on Search button&amp#27;[0m                            &amp#27;[90m# stepdefinations.Search2.user_clicks_on_search_button()&amp#27;[0m
  &amp#27;[32mThen &amp#27;[0m&amp#27;[32mUser should get a message about no product matching&amp#27;[0m    &amp#27;[90m# stepdefinations.Search2.user_should_get_a_message_about_no_product_matching()&amp#27;[0m
]]></system-out>
  </testcase>
</testsuite>